<?xml version="1.0" encoding="UTF-8"?>
<!-- Generated by org.testng.reporters.JUnitXMLReporter -->
<testsuite hostname="AMVCOMPUTERS" ignored="20" name="Test Cases" tests="4" failures="0" timestamp="2023-03-08T10:06:06 IST" time="0.101" errors="0">
  <testcase name="moto1" time="0.014" classname="testNG.GroupingEx"/>
  <testcase name="moto2" time="0.002" classname="testNG.GroupingEx"/>
  <testcase name="vivo1" time="0.001" classname="testNG.GroupingEx"/>
  <testcase name="vivo2" time="0.003" classname="testNG.GroupingEx"/>
  <testcase name="highSecondary" time="0.0" classname="testNG.DependencyDemo">
    <ignored/>
  </testcase> <!-- highSecondary -->
  <testcase name="artsAndScience" time="0.0" classname="testNG.DependencyDemo">
    <ignored/>
  </testcase> <!-- artsAndScience -->
  <testcase name="apple1" time="0.0" classname="testNG.GroupingEx">
    <ignored/>
  </testcase> <!-- apple1 -->
  <testcase name="secondtestcase" time="0.0" classname="testNG.SkipDemo">
    <ignored/>
  </testcase> <!-- secondtestcase -->
  <testcase name="lenova1" time="0.0" classname="testNG.GroupingEx">
    <ignored/>
  </testcase> <!-- lenova1 -->
  <testcase name="lenova2" time="0.0" classname="testNG.GroupingEx">
    <ignored/>
  </testcase> <!-- lenova2 -->
  <testcase name="thirdtestcase" time="0.0" classname="testNG.Demo">
    <ignored/>
  </testcase> <!-- thirdtestcase -->
  <testcase name="firsttestcase" time="0.0" classname="testNG.PriorityDemo">
    <ignored/>
  </testcase> <!-- firsttestcase -->
  <testcase name="thirdtestcase" time="0.0" classname="testNG.SkipDemo">
    <ignored/>
  </testcase> <!-- thirdtestcase -->
  <testcase name="highSchool" time="0.0" classname="testNG.DependencyDemo">
    <ignored/>
  </testcase> <!-- highSchool -->
  <testcase name="forthtestcase" time="0.0" classname="testNG.PriorityDemo">
    <ignored/>
  </testcase> <!-- forthtestcase -->
  <testcase name="job" time="0.0" classname="testNG.DependencyDemo">
    <ignored/>
  </testcase> <!-- job -->
  <testcase name="apple2" time="0.0" classname="testNG.GroupingEx">
    <ignored/>
  </testcase> <!-- apple2 -->
  <testcase name="firsttestcase" time="0.0" classname="testNG.Demo">
    <ignored/>
  </testcase> <!-- firsttestcase -->
  <testcase name="secondtestcase" time="0.0" classname="testNG.PriorityDemo">
    <ignored/>
  </testcase> <!-- secondtestcase -->
  <testcase name="firsttestcase" time="0.0" classname="testNG.SkipDemo">
    <ignored/>
  </testcase> <!-- firsttestcase -->
  <testcase name="thirdtestcase" time="0.0" classname="testNG.PriorityDemo">
    <ignored/>
  </testcase> <!-- thirdtestcase -->
  <testcase name="forthtestcase" time="0.0" classname="testNG.Demo">
    <ignored/>
  </testcase> <!-- forthtestcase -->
  <testcase name="secondtestcase" time="0.0" classname="testNG.Demo">
    <ignored/>
  </testcase> <!-- secondtestcase -->
  <testcase name="forthtestcase" time="0.0" classname="testNG.SkipDemo">
    <ignored/>
  </testcase> <!-- forthtestcase -->
</testsuite> <!-- Test Cases -->
